# JRE version: Java(TM) SE Runtime Environment (8.0_311-b11) (build 1.8.0_311-b11)
# Java VM: Java HotSpot(TM) 64-Bit Server VM (25.311-b11 mixed mode windows-amd64 compressed oops)
Heap:
 PSYoungGen      total 717824K, used 145283K [0x000000076b180000, 0x0000000799f80000, 0x00000007c0000000)
  eden space 670720K, 21% used [0x000000076b180000,0x0000000773f60c40,0x0000000794080000)
  from space 47104K, 0% used [0x0000000796f80000,0x0000000796f80000,0x0000000799d80000)
  to   space 48128K, 0% used [0x0000000794080000,0x0000000794080000,0x0000000796f80000)
 ParOldGen       total 427008K, used 174870K [0x00000006c1400000, 0x00000006db500000, 0x000000076b180000)
  object space 427008K, 40% used [0x00000006c1400000,0x00000006cbec5970,0x00000006db500000)
 Metaspace       used 15671K, capacity 16121K, committed 16256K, reserved 1062912K
  class space    used 1722K, capacity 1825K, committed 1920K, reserved 1048576K
GC Heap History (10 events):
Event: 9.459 GC heap before
{Heap before GC invocations=11 (full 0):
 PSYoungGen      total 465408K, used 443928K [0x000000076b180000, 0x000000078a780000, 0x00000007c0000000)
  eden space 419840K, 100% used [0x000000076b180000,0x0000000784b80000,0x0000000784b80000)
  from space 45568K, 52% used [0x0000000787b00000,0x00000007892863f0,0x000000078a780000)
  to   space 47104K, 0% used [0x0000000784b80000,0x0000000784b80000,0x0000000787980000)
 ParOldGen       total 175104K, used 110070K [0x00000006c1400000, 0x00000006cbf00000, 0x000000076b180000)
  object space 175104K, 62% used [0x00000006c1400000,0x00000006c7f7d978,0x00000006cbf00000)
 Metaspace       used 8639K, capacity 8862K, committed 9088K, reserved 1056768K
  class space    used 951K, capacity 1035K, committed 1152K, reserved 1048576K
Event: 9.476 GC heap after
Heap after GC invocations=11 (full 0):
 PSYoungGen      total 466944K, used 30105K [0x000000076b180000, 0x0000000799d80000, 0x00000007c0000000)
  eden space 419840K, 0% used [0x000000076b180000,0x000000076b180000,0x0000000784b80000)
  from space 47104K, 63% used [0x0000000784b80000,0x00000007868e6638,0x0000000787980000)
  to   space 47104K, 0% used [0x0000000796f80000,0x0000000796f80000,0x0000000799d80000)
 ParOldGen       total 175104K, used 133850K [0x00000006c1400000, 0x00000006cbf00000, 0x000000076b180000)
  object space 175104K, 76% used [0x00000006c1400000,0x00000006c96b6930,0x00000006cbf00000)
 Metaspace       used 8639K, capacity 8862K, committed 9088K, reserved 1056768K
  class space    used 951K, capacity 1035K, committed 1152K, reserved 1048576K
}
Event: 12.675 GC heap before
{Heap before GC invocations=12 (full 0):
 PSYoungGen      total 466944K, used 449945K [0x000000076b180000, 0x0000000799d80000, 0x00000007c0000000)
  eden space 419840K, 100% used [0x000000076b180000,0x0000000784b80000,0x0000000784b80000)
  from space 47104K, 63% used [0x0000000784b80000,0x00000007868e6638,0x0000000787980000)
  to   space 47104K, 0% used [0x0000000796f80000,0x0000000796f80000,0x0000000799d80000)
 ParOldGen       total 175104K, used 133850K [0x00000006c1400000, 0x00000006cbf00000, 0x000000076b180000)
  object space 175104K, 76% used [0x00000006c1400000,0x00000006c96b6930,0x00000006cbf00000)
 Metaspace       used 8639K, capacity 8862K, committed 9088K, reserved 1056768K
  class space    used 951K, capacity 1035K, committed 1152K, reserved 1048576K
Event: 12.691 GC heap after
Heap after GC invocations=12 (full 0):
 PSYoungGen      total 717824K, used 31457K [0x000000076b180000, 0x0000000799f80000, 0x00000007c0000000)
  eden space 670720K, 0% used [0x000000076b180000,0x000000076b180000,0x0000000794080000)
  from space 47104K, 66% used [0x0000000796f80000,0x0000000798e38410,0x0000000799d80000)
  to   space 48128K, 0% used [0x0000000794080000,0x0000000794080000,0x0000000796f80000)
 ParOldGen       total 175104K, used 163580K [0x00000006c1400000, 0x00000006cbf00000, 0x000000076b180000)
  object space 175104K, 93% used [0x00000006c1400000,0x00000006cb3bf350,0x00000006cbf00000)
 Metaspace       used 8639K, capacity 8862K, committed 9088K, reserved 1056768K
  class space    used 951K, capacity 1035K, committed 1152K, reserved 1048576K
}
Event: 12.691 GC heap before
{Heap before GC invocations=13 (full 1):
 PSYoungGen      total 717824K, used 31457K [0x000000076b180000, 0x0000000799f80000, 0x00000007c0000000)
  eden space 670720K, 0% used [0x000000076b180000,0x000000076b180000,0x0000000794080000)
  from space 47104K, 66% used [0x0000000796f80000,0x0000000798e38410,0x0000000799d80000)
  to   space 48128K, 0% used [0x0000000794080000,0x0000000794080000,0x0000000796f80000)
 ParOldGen       total 175104K, used 163580K [0x00000006c1400000, 0x00000006cbf00000, 0x000000076b180000)
  object space 175104K, 93% used [0x00000006c1400000,0x00000006cb3bf350,0x00000006cbf00000)
 Metaspace       used 8639K, capacity 8862K, committed 9088K, reserved 1056768K
  class space    used 951K, capacity 1035K, committed 1152K, reserved 1048576K
Event: 12.773 GC heap after
Heap after GC invocations=13 (full 1):
 PSYoungGen      total 717824K, used 0K [0x000000076b180000, 0x0000000799f80000, 0x00000007c0000000)
  eden space 670720K, 0% used [0x000000076b180000,0x000000076b180000,0x0000000794080000)
  from space 47104K, 0% used [0x0000000796f80000,0x0000000796f80000,0x0000000799d80000)
  to   space 48128K, 0% used [0x0000000794080000,0x0000000794080000,0x0000000796f80000)
 ParOldGen       total 175104K, used 138112K [0x00000006c1400000, 0x00000006cbf00000, 0x000000076b180000)
  object space 175104K, 78% used [0x00000006c1400000,0x00000006c9ae0190,0x00000006cbf00000)
 Metaspace       used 8639K, capacity 8862K, committed 9088K, reserved 1056768K
  class space    used 951K, capacity 1035K, committed 1152K, reserved 1048576K
}
Event: 18.037 GC heap before
{Heap before GC invocations=14 (full 2):
 PSYoungGen      total 717824K, used 670720K [0x000000076b180000, 0x0000000799f80000, 0x00000007c0000000)
  eden space 670720K, 100% used [0x000000076b180000,0x0000000794080000,0x0000000794080000)
  from space 47104K, 0% used [0x0000000796f80000,0x0000000796f80000,0x0000000799d80000)
  to   space 48128K, 0% used [0x0000000794080000,0x0000000794080000,0x0000000796f80000)
 ParOldGen       total 175104K, used 138112K [0x00000006c1400000, 0x00000006cbf00000, 0x000000076b180000)
  object space 175104K, 78% used [0x00000006c1400000,0x00000006c9ae0190,0x00000006cbf00000)
 Metaspace       used 8639K, capacity 8862K, committed 9088K, reserved 1056768K
  class space    used 951K, capacity 1035K, committed 1152K, reserved 1048576K
Event: 18.209 GC heap after
Heap after GC invocations=14 (full 2):
 PSYoungGen      total 717824K, used 12711K [0x000000076b180000, 0x0000000799f80000, 0x00000007c0000000)
  eden space 670720K, 1% used [0x000000076b180000,0x000000076bde9dd0,0x0000000794080000)
  from space 47104K, 0% used [0x0000000796f80000,0x0000000796f80000,0x0000000799d80000)
  to   space 48128K, 0% used [0x0000000794080000,0x0000000794080000,0x0000000796f80000)
 ParOldGen       total 175104K, used 175060K [0x00000006c1400000, 0x00000006cbf00000, 0x000000076b180000)
  object space 175104K, 99% used [0x00000006c1400000,0x00000006cbef5158,0x00000006cbf00000)
 Metaspace       used 8639K, capacity 8862K, committed 9088K, reserved 1056768K
  class space    used 951K, capacity 1035K, committed 1152K, reserved 1048576K
}
Event: 24.998 GC heap before
{Heap before GC invocations=15 (full 3):
 PSYoungGen      total 717824K, used 670720K [0x000000076b180000, 0x0000000799f80000, 0x00000007c0000000)
  eden space 670720K, 100% used [0x000000076b180000,0x0000000794080000,0x0000000794080000)
  from space 47104K, 0% used [0x0000000796f80000,0x0000000796f80000,0x0000000799d80000)
  to   space 48128K, 0% used [0x0000000794080000,0x0000000794080000,0x0000000796f80000)
 ParOldGen       total 175104K, used 175060K [0x00000006c1400000, 0x00000006cbf00000, 0x000000076b180000)
  object space 175104K, 99% used [0x00000006c1400000,0x00000006cbef5158,0x00000006cbf00000)
 Metaspace       used 10861K, capacity 11118K, committed 11392K, reserved 1058816K
  class space    used 1253K, capacity 1359K, committed 1408K, reserved 1048576K
Event: 25.206 GC heap after
Heap after GC invocations=15 (full 3):
 PSYoungGen      total 717824K, used 58194K [0x000000076b180000, 0x0000000799f80000, 0x00000007c0000000)
  eden space 670720K, 8% used [0x000000076b180000,0x000000076ea54b20,0x0000000794080000)
  from space 47104K, 0% used [0x0000000796f80000,0x0000000796f80000,0x0000000799d80000)
  to   space 48128K, 0% used [0x0000000794080000,0x0000000794080000,0x0000000796f80000)
 ParOldGen       total 427008K, used 174870K [0x00000006c1400000, 0x00000006db500000, 0x000000076b180000)
  object space 427008K, 40% used [0x00000006c1400000,0x00000006cbec5970,0x00000006db500000)
 Metaspace       used 10861K, capacity 11118K, committed 11392K, reserved 1058816K
  class space    used 1253K, capacity 1359K, committed 1408K, reserved 1048576K
}

